<?xml version="1.0" encoding="UTF-8"?>
<testsuite xmlns:xsi="http://www.w3.org/2001/XMLSchema-instance" xsi:schemaLocation="https://maven.apache.org/surefire/maven-surefire-plugin/xsd/surefire-test-report.xsd" name="TestSuite" time="3.446" tests="3" errors="0" skipped="1" failures="2">
  <properties>
[...]
</properties>
  <testcase name="startWithCleanBrowser" classname="e2e.FacebookairbnbnycmembersTest" time="3.128">
    <failure message="Could not start a new session. Response code 500. Message: unknown error: Chrome failed to start: exited normally.&#10;  (unknown error: DevToolsActivePort file doesn&apos;t exist)&#10;  (The process started from chrome location C:\Program Files\Google\Chrome\Application\chrome.exe is no longer running, so ChromeDriver is assuming that Chrome has crashed.) &#10;Host info: host: &apos;RESTOP-8732&apos;, ip: &apos;192.168.1.233&apos;&#10;Build info: version: &apos;4.8.1&apos;, revision: &apos;8ebccac989&apos;&#10;System info: os.name: &apos;Windows 11&apos;, os.arch: &apos;amd64&apos;, os.version: &apos;10.0&apos;, java.version: &apos;17.0.4.1&apos;&#10;Driver info: org.openqa.selenium.chrome.ChromeDriver&#10;Command: [null, newSession {capabilities=[Capabilities {browserName: chrome, goog:chromeOptions: {args: [--no-sandbox, --user-data-dir=C:\Users\Re..., --start-maximized, disable-infobars, --disable-extensions, --disable-gpu, --disable-gpu, --disable-dev-shm-usage&apos;, --profile-directory=Default], extensions: [], useAutomationExtension: false}}], desiredCapabilities=Capabilities {browserName: chrome, goog:chromeOptions: {args: [--no-sandbox, --user-data-dir=C:\Users\Re..., --start-maximized, disable-infobars, --disable-extensions, --disable-gpu, --disable-gpu, --disable-dev-shm-usage&apos;, --profile-directory=Default], extensions: [], useAutomationExtension: false}}}]" type="org.openqa.selenium.SessionNotCreatedException">org.openqa.selenium.SessionNotCreatedException: 
Could not start a new session. Response code 500. Message: unknown error: Chrome failed to start: exited normally.
  (unknown error: DevToolsActivePort file doesn't exist)
  (The process started from chrome location C:\Program Files\Google\Chrome\Application\chrome.exe is no longer running, so ChromeDriver is assuming that Chrome has crashed.) 
Host info: host: 'RESTOP-8732', ip: '192.168.1.233'
Build info: version: '4.8.1', revision: '8ebccac989'
System info: os.name: 'Windows 11', os.arch: 'amd64', os.version: '10.0', java.version: '17.0.4.1'
Driver info: org.openqa.selenium.chrome.ChromeDriver
Command: [null, newSession {capabilities=[Capabilities {browserName: chrome, goog:chromeOptions: {args: [--no-sandbox, --user-data-dir=C:\Users\Re..., --start-maximized, disable-infobars, --disable-extensions, --disable-gpu, --disable-gpu, --disable-dev-shm-usage', --profile-directory=Default], extensions: [], useAutomationExtension: false}}], desiredCapabilities=Capabilities {browserName: chrome, goog:chromeOptions: {args: [--no-sandbox, --user-data-dir=C:\Users\Re..., --start-maximized, disable-infobars, --disable-extensions, --disable-gpu, --disable-gpu, --disable-dev-shm-usage', --profile-directory=Default], extensions: [], useAutomationExtension: false}}}]
</failure>
    <system-err><![CDATA[SLF4J: No SLF4J providers were found.
SLF4J: Defaulting to no-operation (NOP) logger implementation
SLF4J: See https://www.slf4j.org/codes.html#noProviders for further details.
Starting ChromeDriver 110.0.5481.77 (65ed616c6e8ee3fe0ad64fe83796c020644d42af-refs/branch-heads/5481@{#839}) on port 18865
Only local connections are allowed.
Please see https://chromedriver.chromium.org/security-considerations for suggestions on keeping ChromeDriver safe.
ChromeDriver was started successfully.
[1678052615.433][WARNING]: Deprecated chrome option is ignored: useAutomationExtension
[1678052615.433][WARNING]: Deprecated chrome option is ignored: useAutomationExtension
]]></system-err>
  </testcase>
  <testcase name="askEveryFacebookMemberIfTheyCanHelp" classname="e2e.FacebookairbnbnycmembersTest" time="0">
    <skipped message="Could not start a new session. Response code 500. Message: unknown error: Chrome failed to start: exited normally.&#10;  (unknown error: DevToolsActivePort file doesn&apos;t exist)&#10;  (The process started from chrome location C:\Program Files\Google\Chrome\Application\chrome.exe is no longer running, so ChromeDriver is assuming that Chrome has crashed.) &#10;Host info: host: &apos;RESTOP-8732&apos;, ip: &apos;192.168.1.233&apos;&#10;Build info: version: &apos;4.8.1&apos;, revision: &apos;8ebccac989&apos;&#10;System info: os.name: &apos;Windows 11&apos;, os.arch: &apos;amd64&apos;, os.version: &apos;10.0&apos;, java.version: &apos;17.0.4.1&apos;&#10;Driver info: org.openqa.selenium.chrome.ChromeDriver&#10;Command: [null, newSession {capabilities=[Capabilities {browserName: chrome, goog:chromeOptions: {args: [--no-sandbox, --user-data-dir=C:\Users\Re..., --start-maximized, disable-infobars, --disable-extensions, --disable-gpu, --disable-gpu, --disable-dev-shm-usage&apos;, --profile-directory=Default], extensions: [], useAutomationExtension: false}}], desiredCapabilities=Capabilities {browserName: chrome, goog:chromeOptions: {args: [--no-sandbox, --user-data-dir=C:\Users\Re..., --start-maximized, disable-infobars, --disable-extensions, --disable-gpu, --disable-gpu, --disable-dev-shm-usage&apos;, --profile-directory=Default], extensions: [], useAutomationExtension: false}}}]"/>
  </testcase>
  <testcase name="closeBrowserAfterTest" classname="e2e.FacebookairbnbnycmembersTest" time="0.002">
    <failure message="Cannot invoke &quot;org.openqa.selenium.WebDriver.quit()&quot; because &quot;baseclasses.UIBaseClass.driver&quot; is null" type="java.lang.NullPointerException">java.lang.NullPointerException: Cannot invoke "org.openqa.selenium.WebDriver.quit()" because "baseclasses.UIBaseClass.driver" is null
</failure>
  </testcase>
</testsuite>